Arguments: 
  C:\Program Files\nodejs\node.exe C:\Program Files (x86)\Yarn\bin\yarn.js start

PATH: 
  C:\ProgramData\Oracle\Java\javapath;C:\WINDOWS\system32;C:\WINDOWS;C:\WINDOWS\System32\Wbem;C:\WINDOWS\System32\WindowsPowerShell\v1.0\;C:\Program Files (x86)\NVIDIA Corporation\PhysX\Common;C:\Program Files\nodejs\;C:\Program Files (x86)\Yarn\bin\;C:\Program Files\Git\cmd;C:\WINDOWS\system32;C:\WINDOWS;C:\WINDOWS\System32\Wbem;C:\WINDOWS\System32\WindowsPowerShell\v1.0\;C:\WINDOWS\System32\OpenSSH\;C:\Program Files\PuTTY\;C:\Users\MySystem\AppData\Local\Microsoft\WindowsApps;C:\Users\MySystem\AppData\Roaming\npm;C:\Program Files\MongoDB\Server\3.6\bin;C:\Users\MySystem\AppData\Local\Yarn\bin;C:\Program Files\heroku\bin;C:\Users\MySystem\AppData\Local\Programs\Microsoft VS Code\bin;C:\Users\MySystem\AppData\Local\GitHubDesktop\bin

Yarn version: 
  1.5.1

Node version: 
  9.6.1

Platform: 
  win32 x64

npm manifest: 
  {
    "name": "Heroku",
    "version": "1.0.0",
    "main": "index.js",
    "license": "MIT",
    "engines": {
      "node": "9.11.1",
      "npm": "5.6.0",
      "yarn": "1.5.1"
    },
    "dependencies": {
      "bcrypt": "^2.0.1",
      "chalk": "^2.4.1",
      "city-weather": "^1.0.4",
      "cors": "^2.8.4",
      "eventful-node": "^1.1.1",
      "express": "^4.16.3",
      "express-sslify": "^1.2.0",
      "glamor": "^2.20.40",
      "google-news-rss": "^0.4.1",
      "google-places": "0.0.1",
      "mongoose": "^5.1.5",
      "newsapi": "^2.2.2",
      "node-fetch": "^2.1.2",
      "nodemailer": "^4.6.6",
      "passport": "^0.4.0",
      "passport-facebook": "^2.1.1",
      "passport-google-oauth20": "^1.0.0",
      "passport-instagram": "^1.0.0",
      "promise-timers": "^1.0.1",
      "react-burger-menu": "^2.5.2",
      "react-modal-video": "^1.2.1",
      "react-scrolllock": "^3.0.2",
      "youtube-node": "^1.3.2"
    },
    "scripts": {
      "start": "node index.js",
      "heroku-postbuild": "cd client && yarn && yarn run build"
    },
    "devDependencies": {}
  }

yarn manifest: 
  No manifest

Lockfile: 
  No lockfile

Trace: 
  Error: Command failed.
  Exit code: 1
  Command: C:\WINDOWS\system32\cmd.exe
  Arguments: /d /s /c node index.js
  Directory: F:\Gocontactt\testegocontact
  Output:
  
      at ProcessTermError.MessageError (C:\Program Files (x86)\Yarn\lib\cli.js:186:110)
      at new ProcessTermError (C:\Program Files (x86)\Yarn\lib\cli.js:226:113)
      at ChildProcess.<anonymous> (C:\Program Files (x86)\Yarn\lib\cli.js:30281:17)
      at ChildProcess.emit (events.js:127:13)
      at maybeClose (internal/child_process.js:933:16)
      at Process.ChildProcess._handle.onexit (internal/child_process.js:220:5)
